<?xml version="1.0" encoding="UTF-8"?>
<!-- Generated by org.testng.reporters.JUnitReportReporter -->
<testsuite hostname="LAPTOP-T0SEBPD0" failures="0" tests="2" name="TestVagrant.test.IplTeamProgram" time="0.025" errors="0" timestamp="22 Aug 2022 11:59:05 GMT" skipped="0">
  <testcase classname="TestVagrant.test.IplTeamProgram" name="teamHasOnly4ForienPlayer" time="0.024"/>
  <testcase classname="TestVagrant.test.IplTeamProgram" name="AtLeastOneWicketKeeper" time="0.001"/>
</testsuite> <!-- TestVagrant.test.IplTeamProgram -->
